Epsilon Lower:	 0.2
Total returns over 18 days:	 25.28
Total win probability over 18 days:	 0.51
Total loss probability over 18 days:	 0.49
Total average win over 18 days:	 1.04
Total average loss over 18 days:	 -0.54
Total expected value over 18 days:	 0.27 

Epsilon Lower:	 0.4
Total returns over 18 days:	 26.13
Total win probability over 18 days:	 0.51
Total loss probability over 18 days:	 0.49
Total average win over 18 days:	 1.02
Total average loss over 18 days:	 -0.50
Total expected value over 18 days:	 0.27 

Epsilon Lower:	 0.6
Total returns over 18 days:	 19.79
Total win probability over 18 days:	 0.51
Total loss probability over 18 days:	 0.49
Total average win over 18 days:	 0.89
Total average loss over 18 days:	 -0.51
Total expected value over 18 days:	 0.21 

Epsilon Lower:	 0.8
Total returns over 18 days:	 22.08
Total win probability over 18 days:	 0.50
Total loss probability over 18 days:	 0.50
Total average win over 18 days:	 0.95
Total average loss over 18 days:	 -0.49
Total expected value over 18 days:	 0.24 

Epsilon Lower:	 1.0
Total returns over 18 days:	 22.89
Total win probability over 18 days:	 0.50
Total loss probability over 18 days:	 0.50
Total average win over 18 days:	 0.96
Total average loss over 18 days:	 -0.45
Total expected value over 18 days:	 0.26 

Epsilon Lower:	 1.2
Total returns over 18 days:	 21.91
Total win probability over 18 days:	 0.46
Total loss probability over 18 days:	 0.54
Total average win over 18 days:	 1.08
Total average loss over 18 days:	 -0.45
Total expected value over 18 days:	 0.26 

Epsilon Lower:	 1.4
Total returns over 18 days:	 22.13
Total win probability over 18 days:	 0.48
Total loss probability over 18 days:	 0.52
Total average win over 18 days:	 1.15
Total average loss over 18 days:	 -0.52
Total expected value over 18 days:	 0.28 

Epsilon Lower:	 1.6
Total returns over 18 days:	 17.86
Total win probability over 18 days:	 0.44
Total loss probability over 18 days:	 0.56
Total average win over 18 days:	 1.25
Total average loss over 18 days:	 -0.56
Total expected value over 18 days:	 0.23 

Epsilon Lower:	 1.8
Total returns over 18 days:	 16.13
Total win probability over 18 days:	 0.36
Total loss probability over 18 days:	 0.64
Total average win over 18 days:	 1.67
Total average loss over 18 days:	 -0.58
Total expected value over 18 days:	 0.23 

Epsilon Lower:	 2.0
Total returns over 18 days:	 23.10
Total win probability over 18 days:	 0.39
Total loss probability over 18 days:	 0.61
Total average win over 18 days:	 1.66
Total average loss over 18 days:	 -0.54
Total expected value over 18 days:	 0.32 

