Epsilon Lower:	 1.2
Total returns over 18 days:	 22.23
Total win probability over 18 days:	 0.48
Total loss probability over 18 days:	 0.52
Total average win over 18 days:	 1.08
Total average loss over 18 days:	 -0.50
Total expected value over 18 days:	 0.27 

Epsilon Lower:	 1.4
Total returns over 18 days:	 18.01
Total win probability over 18 days:	 0.46
Total loss probability over 18 days:	 0.54
Total average win over 18 days:	 1.07
Total average loss over 18 days:	 -0.53
Total expected value over 18 days:	 0.21 

Epsilon Lower:	 1.6
Total returns over 18 days:	 22.49
Total win probability over 18 days:	 0.47
Total loss probability over 18 days:	 0.53
Total average win over 18 days:	 1.20
Total average loss over 18 days:	 -0.56
Total expected value over 18 days:	 0.28 

Epsilon Lower:	 1.8
Total returns over 18 days:	 15.88
Total win probability over 18 days:	 0.39
Total loss probability over 18 days:	 0.61
Total average win over 18 days:	 1.41
Total average loss over 18 days:	 -0.58
Total expected value over 18 days:	 0.20 

Epsilon Lower:	 2.0
Total returns over 18 days:	 16.80
Total win probability over 18 days:	 0.33
Total loss probability over 18 days:	 0.67
Total average win over 18 days:	 1.78
Total average loss over 18 days:	 -0.53
Total expected value over 18 days:	 0.23 

