Epsilon Upper:	 0.2
Total returns over 18 days:	 6.93
Total win probability over 18 days:	 0.38
Total loss probability over 18 days:	 0.62
Total average win over 18 days:	 0.91
Total average loss over 18 days:	 -0.49
Total expected value over 18 days:	 0.05 

Epsilon Upper:	 0.4
Total returns over 18 days:	 18.56
Total win probability over 18 days:	 0.41
Total loss probability over 18 days:	 0.59
Total average win over 18 days:	 1.02
Total average loss over 18 days:	 -0.52
Total expected value over 18 days:	 0.11 

Epsilon Upper:	 0.6
Total returns over 18 days:	 18.47
Total win probability over 18 days:	 0.44
Total loss probability over 18 days:	 0.56
Total average win over 18 days:	 0.89
Total average loss over 18 days:	 -0.50
Total expected value over 18 days:	 0.11 

Epsilon Upper:	 0.8
Total returns over 18 days:	 19.58
Total win probability over 18 days:	 0.46
Total loss probability over 18 days:	 0.54
Total average win over 18 days:	 0.83
Total average loss over 18 days:	 -0.49
Total expected value over 18 days:	 0.12 

Epsilon Upper:	 1.0
Total returns over 18 days:	 24.28
Total win probability over 18 days:	 0.45
Total loss probability over 18 days:	 0.55
Total average win over 18 days:	 0.98
Total average loss over 18 days:	 -0.49
Total expected value over 18 days:	 0.17 

Epsilon Upper:	 1.2
Total returns over 18 days:	 20.99
Total win probability over 18 days:	 0.47
Total loss probability over 18 days:	 0.53
Total average win over 18 days:	 0.92
Total average loss over 18 days:	 -0.52
Total expected value over 18 days:	 0.16 

Epsilon Upper:	 1.4
Total returns over 18 days:	 24.31
Total win probability over 18 days:	 0.53
Total loss probability over 18 days:	 0.47
Total average win over 18 days:	 0.86
Total average loss over 18 days:	 -0.48
Total expected value over 18 days:	 0.22 

Epsilon Upper:	 1.6
Total returns over 18 days:	 18.58
Total win probability over 18 days:	 0.49
Total loss probability over 18 days:	 0.51
Total average win over 18 days:	 0.91
Total average loss over 18 days:	 -0.50
Total expected value over 18 days:	 0.19 

Epsilon Upper:	 1.8
Total returns over 18 days:	 11.08
Total win probability over 18 days:	 0.48
Total loss probability over 18 days:	 0.52
Total average win over 18 days:	 0.88
Total average loss over 18 days:	 -0.49
Total expected value over 18 days:	 0.17 

Epsilon Upper:	 2.0
Total returns over 18 days:	 8.17
Total win probability over 18 days:	 0.50
Total loss probability over 18 days:	 0.50
Total average win over 18 days:	 0.94
Total average loss over 18 days:	 -0.61
Total expected value over 18 days:	 0.16 

