Location: C:/Users/lb/fin_tools/data/btc/20170511-20170521.log
Average return: 19.41	 Std: 0.00	 Min: 19.41	 Max: 19.41
Location: C:/Users/lb/fin_tools/data/btc/20170721-20170729.log
Average return: 12.37	 Std: 0.00	 Min: 12.37	 Max: 12.37
Epsilon Upper:	 1.6
Total returns over 18 days:	 31.78
Total win probability over 18 days:	 0.59
Total loss probability over 18 days:	 0.41
Total average win over 18 days:	 0.91
Total average loss over 18 days:	 -0.43
Total expected value over 18 days:	 0.37 

Location: C:/Users/lb/fin_tools/data/btc/20170511-20170521.log
Average return: 20.19	 Std: 0.00	 Min: 20.19	 Max: 20.19
Location: C:/Users/lb/fin_tools/data/btc/20170721-20170729.log
Average return: 5.26	 Std: 0.00	 Min: 5.26	 Max: 5.26
Epsilon Upper:	 1.6
Total returns over 18 days:	 25.45
Total win probability over 18 days:	 0.58
Total loss probability over 18 days:	 0.42
Total average win over 18 days:	 0.80
Total average loss over 18 days:	 -0.43
Total expected value over 18 days:	 0.28 

Location: C:/Users/lb/fin_tools/data/btc/20170511-20170521.log
Average return: 16.84	 Std: 0.00	 Min: 16.84	 Max: 16.84
Location: C:/Users/lb/fin_tools/data/btc/20170721-20170729.log
Average return: 8.74	 Std: 0.00	 Min: 8.74	 Max: 8.74
Epsilon Upper:	 1.6
Total returns over 18 days:	 25.58
Total win probability over 18 days:	 0.49
Total loss probability over 18 days:	 0.51
Total average win over 18 days:	 1.04
Total average loss over 18 days:	 -0.46
Total expected value over 18 days:	 0.27 

Location: C:/Users/lb/fin_tools/data/btc/20170511-20170521.log
Average return: 19.02	 Std: 0.00	 Min: 19.02	 Max: 19.02
Location: C:/Users/lb/fin_tools/data/btc/20170721-20170729.log
Average return: 3.81	 Std: 0.00	 Min: 3.81	 Max: 3.81
Epsilon Upper:	 1.6
Total returns over 18 days:	 22.83
Total win probability over 18 days:	 0.54
Total loss probability over 18 days:	 0.46
Total average win over 18 days:	 0.88
Total average loss over 18 days:	 -0.49
Total expected value over 18 days:	 0.24 

Location: C:/Users/lb/fin_tools/data/btc/20170511-20170521.log
Average return: 10.33	 Std: 0.00	 Min: 10.33	 Max: 10.33
Location: C:/Users/lb/fin_tools/data/btc/20170721-20170729.log
Average return: 2.76	 Std: 0.00	 Min: 2.76	 Max: 2.76
Epsilon Upper:	 1.6
Total returns over 18 days:	 13.09
Total win probability over 18 days:	 0.47
Total loss probability over 18 days:	 0.53
Total average win over 18 days:	 0.87
Total average loss over 18 days:	 -0.50
Total expected value over 18 days:	 0.14 

Location: C:/Users/lb/fin_tools/data/btc/20170511-20170521.log
Average return: 16.52	 Std: 0.00	 Min: 16.52	 Max: 16.52
Location: C:/Users/lb/fin_tools/data/btc/20170721-20170729.log
Average return: 5.81	 Std: 0.00	 Min: 5.81	 Max: 5.81
Epsilon Upper:	 1.6
Total returns over 18 days:	 22.34
Total win probability over 18 days:	 0.50
Total loss probability over 18 days:	 0.50
Total average win over 18 days:	 1.08
Total average loss over 18 days:	 -0.53
Total expected value over 18 days:	 0.27 

Location: C:/Users/lb/fin_tools/data/btc/20170511-20170521.log
Average return: 22.37	 Std: 0.00	 Min: 22.37	 Max: 22.37
Location: C:/Users/lb/fin_tools/data/btc/20170721-20170729.log
Average return: 1.28	 Std: 0.00	 Min: 1.28	 Max: 1.28
Epsilon Upper:	 1.6
Total returns over 18 days:	 23.65
Total win probability over 18 days:	 0.51
Total loss probability over 18 days:	 0.49
Total average win over 18 days:	 1.06
Total average loss over 18 days:	 -0.49
Total expected value over 18 days:	 0.31 

Location: C:/Users/lb/fin_tools/data/btc/20170511-20170521.log
Average return: 17.10	 Std: 0.00	 Min: 17.10	 Max: 17.10
Location: C:/Users/lb/fin_tools/data/btc/20170721-20170729.log
Average return: -1.00	 Std: 0.00	 Min: -1.00	 Max: -1.00
Epsilon Upper:	 1.6
Total returns over 18 days:	 16.10
Total win probability over 18 days:	 0.40
Total loss probability over 18 days:	 0.60
Total average win over 18 days:	 1.24
Total average loss over 18 days:	 -0.49
Total expected value over 18 days:	 0.21 

Location: C:/Users/lb/fin_tools/data/btc/20170511-20170521.log
Average return: 16.96	 Std: 0.00	 Min: 16.96	 Max: 16.96
Location: C:/Users/lb/fin_tools/data/btc/20170721-20170729.log
Average return: 4.05	 Std: 0.00	 Min: 4.05	 Max: 4.05
Epsilon Upper:	 1.6
Total returns over 18 days:	 21.01
Total win probability over 18 days:	 0.39
Total loss probability over 18 days:	 0.61
Total average win over 18 days:	 1.34
Total average loss over 18 days:	 -0.44
Total expected value over 18 days:	 0.25 

Location: C:/Users/lb/fin_tools/data/btc/20170511-20170521.log
Average return: 18.25	 Std: 0.00	 Min: 18.25	 Max: 18.25
Location: C:/Users/lb/fin_tools/data/btc/20170721-20170729.log
Average return: 1.02	 Std: 0.00	 Min: 1.02	 Max: 1.02
Epsilon Upper:	 1.6
Total returns over 18 days:	 19.28
Total win probability over 18 days:	 0.38
Total loss probability over 18 days:	 0.62
Total average win over 18 days:	 1.64
Total average loss over 18 days:	 -0.53
Total expected value over 18 days:	 0.29 

Location: C:/Users/lb/fin_tools/data/btc/20170511-20170521.log
Average return: 18.81	 Std: 0.00	 Min: 18.81	 Max: 18.81
Location: C:/Users/lb/fin_tools/data/btc/20170721-20170729.log
Average return: -2.21	 Std: 0.00	 Min: -2.21	 Max: -2.21
Epsilon Upper:	 1.6
Total returns over 18 days:	 16.60
Total win probability over 18 days:	 0.34
Total loss probability over 18 days:	 0.66
Total average win over 18 days:	 1.91
Total average loss over 18 days:	 -0.59
Total expected value over 18 days:	 0.26 

Location: C:/Users/lb/fin_tools/data/btc/20170511-20170521.log
Average return: 11.39	 Std: 0.00	 Min: 11.39	 Max: 11.39
Location: C:/Users/lb/fin_tools/data/btc/20170721-20170729.log
Average return: -4.71	 Std: 0.00	 Min: -4.71	 Max: -4.71
Epsilon Upper:	 1.6
Total returns over 18 days:	 6.69
Total win probability over 18 days:	 0.25
Total loss probability over 18 days:	 0.75
Total average win over 18 days:	 2.27
Total average loss over 18 days:	 -0.59
Total expected value over 18 days:	 0.14 

Location: C:/Users/lb/fin_tools/data/btc/20170511-20170521.log
Average return: 17.91	 Std: 0.00	 Min: 17.91	 Max: 17.91
Location: C:/Users/lb/fin_tools/data/btc/20170721-20170729.log
Average return: -1.45	 Std: 0.00	 Min: -1.45	 Max: -1.45
Epsilon Upper:	 1.6
Total returns over 18 days:	 16.46
Total win probability over 18 days:	 0.25
Total loss probability over 18 days:	 0.75
Total average win over 18 days:	 3.18
Total average loss over 18 days:	 -0.65
Total expected value over 18 days:	 0.31 

Location: C:/Users/lb/fin_tools/data/btc/20170511-20170521.log
Average return: 13.19	 Std: 0.00	 Min: 13.19	 Max: 13.19
Location: C:/Users/lb/fin_tools/data/btc/20170721-20170729.log
Average return: -0.17	 Std: 0.00	 Min: -0.17	 Max: -0.17
Epsilon Upper:	 1.6
Total returns over 18 days:	 13.03
Total win probability over 18 days:	 0.18
Total loss probability over 18 days:	 0.82
Total average win over 18 days:	 4.09
Total average loss over 18 days:	 -0.68
Total expected value over 18 days:	 0.20 

Location: C:/Users/lb/fin_tools/data/btc/20170511-20170521.log
Average return: 18.47	 Std: 0.00	 Min: 18.47	 Max: 18.47
Location: C:/Users/lb/fin_tools/data/btc/20170721-20170729.log
Average return: 2.34	 Std: 0.00	 Min: 2.34	 Max: 2.34
Epsilon Upper:	 1.6
Total returns over 18 days:	 20.82
Total win probability over 18 days:	 0.16
Total loss probability over 18 days:	 0.84
Total average win over 18 days:	 6.46
Total average loss over 18 days:	 -0.64
Total expected value over 18 days:	 0.48 

