Epsilon Lower:	 0.2
Total returns over 18 days:	 18.68
Total win probability over 18 days:	 0.51
Total loss probability over 18 days:	 0.49
Total average win over 18 days:	 0.84
Total average loss over 18 days:	 -0.50
Total expected value over 18 days:	 0.19 

Epsilon Lower:	 0.4
Total returns over 18 days:	 19.19
Total win probability over 18 days:	 0.52
Total loss probability over 18 days:	 0.48
Total average win over 18 days:	 0.81
Total average loss over 18 days:	 -0.48
Total expected value over 18 days:	 0.19 

Epsilon Lower:	 0.6
Total returns over 18 days:	 20.07
Total win probability over 18 days:	 0.55
Total loss probability over 18 days:	 0.45
Total average win over 18 days:	 0.78
Total average loss over 18 days:	 -0.46
Total expected value over 18 days:	 0.22 

Epsilon Lower:	 0.8
Total returns over 18 days:	 22.87
Total win probability over 18 days:	 0.52
Total loss probability over 18 days:	 0.48
Total average win over 18 days:	 0.87
Total average loss over 18 days:	 -0.45
Total expected value over 18 days:	 0.24 

Epsilon Lower:	 1.0
Total returns over 18 days:	 18.26
Total win probability over 18 days:	 0.50
Total loss probability over 18 days:	 0.50
Total average win over 18 days:	 0.86
Total average loss over 18 days:	 -0.47
Total expected value over 18 days:	 0.20 

