Epsilon Upper:	 0.2
Total returns over 18 days:	 24.25
Total win probability over 18 days:	 0.44
Total loss probability over 18 days:	 0.56
Total average win over 18 days:	 1.12
Total average loss over 18 days:	 -0.56
Total expected value over 18 days:	 0.17 

Epsilon Upper:	 0.4
Total returns over 18 days:	 22.79
Total win probability over 18 days:	 0.47
Total loss probability over 18 days:	 0.53
Total average win over 18 days:	 0.93
Total average loss over 18 days:	 -0.53
Total expected value over 18 days:	 0.16 

Epsilon Upper:	 0.6
Total returns over 18 days:	 20.42
Total win probability over 18 days:	 0.47
Total loss probability over 18 days:	 0.53
Total average win over 18 days:	 0.84
Total average loss over 18 days:	 -0.50
Total expected value over 18 days:	 0.13 

Epsilon Upper:	 0.8
Total returns over 18 days:	 19.67
Total win probability over 18 days:	 0.45
Total loss probability over 18 days:	 0.55
Total average win over 18 days:	 0.91
Total average loss over 18 days:	 -0.50
Total expected value over 18 days:	 0.13 

Epsilon Upper:	 1.0
Total returns over 18 days:	 19.68
Total win probability over 18 days:	 0.45
Total loss probability over 18 days:	 0.55
Total average win over 18 days:	 0.91
Total average loss over 18 days:	 -0.47
Total expected value over 18 days:	 0.15 

Epsilon Upper:	 1.2
Total returns over 18 days:	 24.87
Total win probability over 18 days:	 0.45
Total loss probability over 18 days:	 0.55
Total average win over 18 days:	 1.05
Total average loss over 18 days:	 -0.52
Total expected value over 18 days:	 0.19 

